[debug] [2025-08-04T03:34:48.514Z] ----------------------------------------------------------------------
[debug] [2025-08-04T03:34:48.518Z] Command:       /opt/homebrew/Cellar/node/24.2.0/bin/node /opt/homebrew/bin/firebase init firestore
[debug] [2025-08-04T03:34:48.518Z] CLI Version:   14.11.2
[debug] [2025-08-04T03:34:48.518Z] Platform:      darwin
[debug] [2025-08-04T03:34:48.518Z] Node Version:  v24.2.0
[debug] [2025-08-04T03:34:48.518Z] Time:          Mon Aug 04 2025 12:34:48 GMT+0900 (Korean Standard Time)
[debug] [2025-08-04T03:34:48.518Z] ----------------------------------------------------------------------
[debug] 
[debug] [2025-08-04T03:34:48.525Z] > command requires scopes: ["email","openid","https://www.googleapis.com/auth/cloudplatformprojects.readonly","https://www.googleapis.com/auth/firebase","https://www.googleapis.com/auth/cloud-platform"]
[debug] [2025-08-04T03:34:48.525Z] > authorizing via signed-in user (ppp5544@gmail.com)
[info] 
     ######## #### ########  ######## ########     ###     ######  ########
     ##        ##  ##     ## ##       ##     ##  ##   ##  ##       ##
     ######    ##  ########  ######   ########  #########  ######  ######
     ##        ##  ##    ##  ##       ##     ## ##     ##       ## ##
     ##       #### ##     ## ######## ########  ##     ##  ######  ########

You're about to initialize a Firebase project in this directory:

  /Users/meo/CamConT

[info] 
=== Project Setup
[info] 
[info] First, let's associate this project directory with a Firebase project.
[info] You can create multiple project aliases by running firebase use --add, 
[info] but for now we'll just set up a default project.
[info] 
[debug] [2025-08-04T03:36:23.521Z] ExitPromptError: User force closed the prompt with SIGINT
    at Interface.sigint (/opt/homebrew/lib/node_modules/firebase-tools/node_modules/@inquirer/core/dist/commonjs/lib/create-prompt.js:101:37)
    at Interface.emit (node:events:507:28)
    at Interface.emit (node:domain:489:12)
    at [_ttyWrite] [as _ttyWrite] (node:internal/readline/interface:1315:18)
    at ReadStream.onkeypress (node:internal/readline/interface:284:20)
    at ReadStream.emit (node:events:519:35)
    at ReadStream.emit (node:domain:489:12)
    at emitKeys (node:internal/readline/utils:371:14)
    at emitKeys.next (<anonymous>)
    at ReadStream.onData (node:internal/readline/emitKeypressEvents:64:36)
[error] 
[error] Error: An unexpected error has occurred.
[debug] [2025-08-04T03:36:35.730Z] ----------------------------------------------------------------------
[debug] [2025-08-04T03:36:35.735Z] Command:       /opt/homebrew/Cellar/node/24.2.0/bin/node /opt/homebrew/bin/firebase init firestore
[debug] [2025-08-04T03:36:35.736Z] CLI Version:   14.11.2
[debug] [2025-08-04T03:36:35.736Z] Platform:      darwin
[debug] [2025-08-04T03:36:35.736Z] Node Version:  v24.2.0
[debug] [2025-08-04T03:36:35.736Z] Time:          Mon Aug 04 2025 12:36:35 GMT+0900 (Korean Standard Time)
[debug] [2025-08-04T03:36:35.736Z] ----------------------------------------------------------------------
[debug] 
[debug] [2025-08-04T03:36:35.739Z] > command requires scopes: ["email","openid","https://www.googleapis.com/auth/cloudplatformprojects.readonly","https://www.googleapis.com/auth/firebase","https://www.googleapis.com/auth/cloud-platform"]
[debug] [2025-08-04T03:36:35.739Z] > authorizing via signed-in user (ppp5544@gmail.com)
[info] 
     ######## #### ########  ######## ########     ###     ######  ########
     ##        ##  ##     ## ##       ##     ##  ##   ##  ##       ##
     ######    ##  ########  ######   ########  #########  ######  ######
     ##        ##  ##    ##  ##       ##     ## ##     ##       ## ##
     ##       #### ##     ## ######## ########  ##     ##  ######  ########

You're about to initialize a Firebase project in this directory:

  /Users/meo/CamConT

[info] 
=== Project Setup
[info] 
[info] First, let's associate this project directory with a Firebase project.
[info] You can create multiple project aliases by running firebase use --add, 
[info] but for now we'll just set up a default project.
[info] 
[debug] [2025-08-04T03:36:43.671Z] ExitPromptError: User force closed the prompt with SIGINT
    at Interface.sigint (/opt/homebrew/lib/node_modules/firebase-tools/node_modules/@inquirer/core/dist/commonjs/lib/create-prompt.js:101:37)
    at Interface.emit (node:events:507:28)
    at Interface.emit (node:domain:489:12)
    at [_ttyWrite] [as _ttyWrite] (node:internal/readline/interface:1315:18)
    at ReadStream.onkeypress (node:internal/readline/interface:284:20)
    at ReadStream.emit (node:events:519:35)
    at ReadStream.emit (node:domain:489:12)
    at emitKeys (node:internal/readline/utils:371:14)
    at emitKeys.next (<anonymous>)
    at ReadStream.onData (node:internal/readline/emitKeypressEvents:64:36)
[error] 
[error] Error: An unexpected error has occurred.
[debug] [2025-08-04T03:36:58.611Z] ----------------------------------------------------------------------
[debug] [2025-08-04T03:36:58.618Z] Command:       /opt/homebrew/Cellar/node/24.2.0/bin/node /opt/homebrew/bin/firebase init firestore
[debug] [2025-08-04T03:36:58.618Z] CLI Version:   14.11.2
[debug] [2025-08-04T03:36:58.618Z] Platform:      darwin
[debug] [2025-08-04T03:36:58.618Z] Node Version:  v24.2.0
[debug] [2025-08-04T03:36:58.618Z] Time:          Mon Aug 04 2025 12:36:58 GMT+0900 (대한민국 표준시)
[debug] [2025-08-04T03:36:58.618Z] ----------------------------------------------------------------------
[debug] 
[debug] [2025-08-04T03:36:58.621Z] > command requires scopes: ["email","openid","https://www.googleapis.com/auth/cloudplatformprojects.readonly","https://www.googleapis.com/auth/firebase","https://www.googleapis.com/auth/cloud-platform"]
[debug] [2025-08-04T03:36:58.621Z] > authorizing via signed-in user (ppp5544@gmail.com)
[info] 
     ######## #### ########  ######## ########     ###     ######  ########
     ##        ##  ##     ## ##       ##     ##  ##   ##  ##       ##
     ######    ##  ########  ######   ########  #########  ######  ######
     ##        ##  ##    ##  ##       ##     ## ##     ##       ## ##
     ##       #### ##     ## ######## ########  ##     ##  ######  ########

You're about to initialize a Firebase project in this directory:

  /Users/meo/CamConT

[info] 
=== Project Setup
[info] 
[info] First, let's associate this project directory with a Firebase project.
[info] You can create multiple project aliases by running firebase use --add, 
[info] but for now we'll just set up a default project.
[info] 
